[2026-07-13 18:17:00.032] [info]: host:  {
  "host": "localhost",
  "user": "root",
  "password": "12345678",
  "database": "Amicell",
  "port": 3306
}
[2026-07-13 18:17:00.915] [info]: host:  {
  "host": "localhost",
  "user": "root",
  "password": "12345678",
  "database": "Amicell",
  "port": 3306
}
[2026-07-13 18:17:34.883] [info]: host:  {
  "host": "localhost",
  "user": "root",
  "password": "12345678",
  "database": "Amicell",
  "port": 3306
}
[2026-07-13 18:18:01.044] [info]: host:  {
  "host": "localhost",
  "user": "root",
  "password": "12345678",
  "database": "Amicell",
  "port": 3306
}
[2026-07-13 18:18:44.853] [info]: host:  {
  "host": "localhost",
  "user": "root",
  "password": "12345678",
  "database": "Amicell",
  "port": 3306
}
[2026-07-13 18:18:45.737] [info]: host:  {
  "host": "localhost",
  "user": "root",
  "password": "12345678",
  "database": "Amicell",
  "port": 3306
}
[2026-07-13 18:18:46.452] [info]: host:  {
  "host": "localhost",
  "user": "root",
  "password": "12345678",
  "database": "Amicell",
  "port": 3306
}
[2026-07-13 18:18:46.532] [info]: folderPath already exists: C:\work\DEV\UBA6-release\amicell-data\reports-data 
[2026-07-13 18:18:46.534] [info]: CORS is enabled for localhost environment 
[2026-07-13 18:18:46.542] [info]: Listening on port 4000 
[2026-07-13 18:19:42.995] [info]: host:  {
  "host": "localhost",
  "user": "root",
  "password": "12345678",
  "database": "Amicell",
  "port": 3306
}
[2026-07-13 18:19:43.882] [info]: host:  {
  "host": "localhost",
  "user": "root",
  "password": "12345678",
  "database": "Amicell",
  "port": 3306
}
[2026-07-13 18:19:44.607] [info]: host:  {
  "host": "localhost",
  "user": "root",
  "password": "12345678",
  "database": "Amicell",
  "port": 3306
}
[2026-07-13 18:19:44.685] [info]: folderPath already exists: C:\work\DEV\UBA6-release\amicell-data\reports-data 
[2026-07-13 18:19:44.687] [info]: CORS is enabled for localhost environment 
[2026-07-13 18:19:44.694] [info]: Listening on port 4000 
[2026-07-13 18:21:46.034] [info]: host:  {
  "host": "localhost",
  "user": "root",
  "password": "12345678",
  "database": "Amicell",
  "port": 3306
}
[2026-07-13 18:21:46.929] [info]: host:  {
  "host": "localhost",
  "user": "root",
  "password": "12345678",
  "database": "Amicell",
  "port": 3306
}
[2026-07-13 18:21:47.665] [info]: host:  {
  "host": "localhost",
  "user": "root",
  "password": "12345678",
  "database": "Amicell",
  "port": 3306
}
[2026-07-13 18:21:47.744] [info]: folderPath already exists: C:\work\DEV\UBA6-release\amicell-data\reports-data 
[2026-07-13 18:21:47.746] [info]: CORS is enabled for localhost environment 
[2026-07-13 18:21:47.753] [info]: Listening on port 4000 
[2026-07-13 18:22:44.950] [info]: host:  {
  "host": "localhost",
  "user": "root",
  "password": "12345678",
  "database": "Amicell",
  "port": 3306
}
[2026-07-13 18:22:45.875] [info]: host:  {
  "host": "localhost",
  "user": "root",
  "password": "12345678",
  "database": "Amicell",
  "port": 3306
}
[2026-07-13 18:22:46.662] [info]: host:  {
  "host": "localhost",
  "user": "root",
  "password": "12345678",
  "database": "Amicell",
  "port": 3306
}
[2026-07-13 18:22:46.741] [info]: folderPath already exists: C:\work\DEV\UBA6-release\amicell-data\reports-data 
[2026-07-13 18:22:46.744] [info]: CORS is enabled for localhost environment 
[2026-07-13 18:22:46.749] [info]: Listening on port 4000 
[2026-07-13 18:23:47.074] [info]: host:  {
  "host": "localhost",
  "user": "root",
  "password": "12345678",
  "database": "Amicell",
  "port": 3306
}
[2026-07-13 18:23:48.000] [info]: host:  {
  "host": "localhost",
  "user": "root",
  "password": "12345678",
  "database": "Amicell",
  "port": 3306
}
[2026-07-13 18:23:48.712] [info]: host:  {
  "host": "localhost",
  "user": "root",
  "password": "12345678",
  "database": "Amicell",
  "port": 3306
}
[2026-07-13 18:23:48.798] [info]: folderPath already exists: C:\work\DEV\UBA6-release\amicell-data\reports-data 
[2026-07-13 18:23:48.800] [info]: CORS is enabled for localhost environment 
[2026-07-13 18:23:48.806] [info]: Listening on port 4000 
[2026-07-13 18:25:04.833] [info]: host:  {
  "host": "localhost",
  "user": "root",
  "password": "12345678",
  "database": "Amicell",
  "port": 3306
}
[2026-07-13 18:25:05.670] [info]: host:  {
  "host": "localhost",
  "user": "root",
  "password": "12345678",
  "database": "Amicell",
  "port": 3306
}
[2026-07-13 18:25:06.362] [info]: host:  {
  "host": "localhost",
  "user": "root",
  "password": "12345678",
  "database": "Amicell",
  "port": 3306
}
[2026-07-13 18:25:06.439] [info]: folderPath already exists: C:\work\DEV\UBA6-release\amicell-data\reports-data 
[2026-07-13 18:25:06.441] [info]: CORS is enabled for localhost environment 
[2026-07-13 18:25:06.447] [info]: Listening on port 4000 
[2026-07-13 18:27:23.018] [info]: host:  {
  "host": "localhost",
  "user": "root",
  "password": "12345678",
  "database": "Amicell",
  "port": 3306
}
[2026-07-13 18:27:23.921] [info]: host:  {
  "host": "localhost",
  "user": "root",
  "password": "12345678",
  "database": "Amicell",
  "port": 3306
}
[2026-07-13 18:27:24.647] [info]: host:  {
  "host": "localhost",
  "user": "root",
  "password": "12345678",
  "database": "Amicell",
  "port": 3306
}
[2026-07-13 18:27:24.736] [info]: folderPath already exists: C:\work\DEV\UBA6-release\amicell-data\reports-data 
[2026-07-13 18:27:24.739] [info]: CORS is enabled for localhost environment 
[2026-07-13 18:27:24.745] [info]: Listening on port 4000 
[2026-07-13 18:29:32.002] [info]: host:  {
  "host": "localhost",
  "user": "root",
  "password": "12345678",
  "database": "Amicell",
  "port": 3306
}
[2026-07-13 18:29:32.925] [info]: host:  {
  "host": "localhost",
  "user": "root",
  "password": "12345678",
  "database": "Amicell",
  "port": 3306
}
[2026-07-13 18:29:33.637] [info]: host:  {
  "host": "localhost",
  "user": "root",
  "password": "12345678",
  "database": "Amicell",
  "port": 3306
}
[2026-07-13 18:29:33.718] [info]: folderPath already exists: C:\work\DEV\UBA6-release\amicell-data\reports-data 
[2026-07-13 18:29:33.720] [info]: CORS is enabled for localhost environment 
[2026-07-13 18:29:33.728] [info]: Listening on port 4000 
[2026-07-13 18:33:44.942] [info]: host:  {
  "host": "localhost",
  "user": "root",
  "password": "12345678",
  "database": "Amicell",
  "port": 3306
}
[2026-07-13 18:33:45.782] [info]: host:  {
  "host": "localhost",
  "user": "root",
  "password": "12345678",
  "database": "Amicell",
  "port": 3306
}
[2026-07-13 18:33:46.537] [info]: host:  {
  "host": "localhost",
  "user": "root",
  "password": "12345678",
  "database": "Amicell",
  "port": 3306
}
[2026-07-13 18:33:46.619] [info]: folderPath already exists: C:\work\DEV\UBA6-release\amicell-data\reports-data 
[2026-07-13 18:33:46.622] [info]: CORS is enabled for localhost environment 
[2026-07-13 18:33:46.629] [info]: Listening on port 4000 
[2026-07-13 18:35:21.019] [info]: host:  {
  "host": "localhost",
  "user": "root",
  "password": "12345678",
  "database": "Amicell",
  "port": 3306
}
[2026-07-13 18:35:21.899] [info]: host:  {
  "host": "localhost",
  "user": "root",
  "password": "12345678",
  "database": "Amicell",
  "port": 3306
}
[2026-07-13 18:35:22.637] [info]: host:  {
  "host": "localhost",
  "user": "root",
  "password": "12345678",
  "database": "Amicell",
  "port": 3306
}
[2026-07-13 18:35:22.717] [info]: folderPath already exists: C:\work\DEV\UBA6-release\amicell-data\reports-data 
[2026-07-13 18:35:22.719] [info]: CORS is enabled for localhost environment 
[2026-07-13 18:35:22.727] [info]: Listening on port 4000 
[2026-07-13 18:37:42.915] [info]: host:  {
  "host": "localhost",
  "user": "root",
  "password": "12345678",
  "database": "Amicell",
  "port": 3306
}
[2026-07-13 18:39:30.114] [info]: host:  {
  "host": "localhost",
  "user": "root",
  "password": "12345678",
  "database": "Amicell",
  "port": 3306
}
[2026-07-13 18:41:29.995] [info]: host:  {
  "host": "localhost",
  "user": "root",
  "password": "12345678",
  "database": "Amicell",
  "port": 3306
}
[2026-07-13 18:44:43.027] [info]: host:  {
  "host": "localhost",
  "user": "root",
  "password": "12345678",
  "database": "Amicell",
  "port": 3306
}
[2026-07-13 18:45:20.856] [info]: host:  {
  "host": "localhost",
  "user": "root",
  "password": "12345678",
  "database": "Amicell",
  "port": 3306
}
[2026-07-13 18:48:08.981] [info]: host:  {
  "host": "localhost",
  "user": "root",
  "password": "12345678",
  "database": "Amicell",
  "port": 3306
}
[2026-07-13 18:48:09.846] [info]: host:  {
  "host": "localhost",
  "user": "root",
  "password": "12345678",
  "database": "Amicell",
  "port": 3306
}
[2026-07-13 18:48:10.583] [info]: host:  {
  "host": "localhost",
  "user": "root",
  "password": "12345678",
  "database": "Amicell",
  "port": 3306
}
[2026-07-13 18:48:10.659] [info]: folderPath already exists: C:\work\DEV\UBA6-release\amicell-data\reports-data 
[2026-07-13 18:48:10.662] [info]: CORS is enabled for localhost environment 
[2026-07-13 18:48:10.669] [info]: Listening on port 4000 
[2026-07-13 18:48:57.007] [info]: host:  {
  "host": "localhost",
  "user": "root",
  "password": "12345678",
  "database": "Amicell",
  "port": 3306
}
[2026-07-13 18:48:57.869] [info]: host:  {
  "host": "localhost",
  "user": "root",
  "password": "12345678",
  "database": "Amicell",
  "port": 3306
}
[2026-07-13 18:48:58.630] [info]: host:  {
  "host": "localhost",
  "user": "root",
  "password": "12345678",
  "database": "Amicell",
  "port": 3306
}
[2026-07-13 18:48:58.706] [info]: folderPath already exists: C:\work\DEV\UBA6-release\amicell-data\reports-data 
[2026-07-13 18:48:58.708] [info]: CORS is enabled for localhost environment 
[2026-07-13 18:48:58.715] [info]: Listening on port 4000 
[2026-07-13 18:50:03.132] [info]: host:  {
  "host": "localhost",
  "user": "root",
  "password": "12345678",
  "database": "Amicell",
  "port": 3306
}
[2026-07-13 18:50:04.062] [info]: host:  {
  "host": "localhost",
  "user": "root",
  "password": "12345678",
  "database": "Amicell",
  "port": 3306
}
[2026-07-13 18:50:04.801] [info]: host:  {
  "host": "localhost",
  "user": "root",
  "password": "12345678",
  "database": "Amicell",
  "port": 3306
}
[2026-07-13 18:50:04.892] [info]: folderPath already exists: C:\work\DEV\UBA6-release\amicell-data\reports-data 
[2026-07-13 18:50:04.894] [info]: CORS is enabled for localhost environment 
[2026-07-13 18:50:04.902] [info]: Listening on port 4000 
[2026-07-13 18:50:35.910] [info]: host:  {
  "host": "localhost",
  "user": "root",
  "password": "12345678",
  "database": "Amicell",
  "port": 3306
}
[2026-07-13 18:50:36.812] [info]: host:  {
  "host": "localhost",
  "user": "root",
  "password": "12345678",
  "database": "Amicell",
  "port": 3306
}
[2026-07-13 18:50:37.536] [info]: host:  {
  "host": "localhost",
  "user": "root",
  "password": "12345678",
  "database": "Amicell",
  "port": 3306
}
[2026-07-13 18:50:37.616] [info]: folderPath already exists: C:\work\DEV\UBA6-release\amicell-data\reports-data 
[2026-07-13 18:50:37.621] [info]: CORS is enabled for localhost environment 
[2026-07-13 18:50:37.629] [info]: Listening on port 4000 
[2026-07-13 18:51:51.935] [info]: host:  {
  "host": "localhost",
  "user": "root",
  "password": "12345678",
  "database": "Amicell",
  "port": 3306
}
[2026-07-13 18:51:52.786] [info]: host:  {
  "host": "localhost",
  "user": "root",
  "password": "12345678",
  "database": "Amicell",
  "port": 3306
}
[2026-07-13 18:51:53.571] [info]: host:  {
  "host": "localhost",
  "user": "root",
  "password": "12345678",
  "database": "Amicell",
  "port": 3306
}
[2026-07-13 18:51:53.654] [info]: folderPath already exists: C:\work\DEV\UBA6-release\amicell-data\reports-data 
[2026-07-13 18:51:53.657] [info]: CORS is enabled for localhost environment 
[2026-07-13 18:51:53.664] [info]: Listening on port 4000 
[2026-07-13 18:53:18.835] [info]: host:  {
  "host": "localhost",
  "user": "root",
  "password": "12345678",
  "database": "Amicell",
  "port": 3306
}
[2026-07-13 18:54:19.929] [info]: host:  {
  "host": "localhost",
  "user": "root",
  "password": "12345678",
  "database": "Amicell",
  "port": 3306
}
[2026-07-13 18:54:28.908] [info]: host:  {
  "host": "localhost",
  "user": "root",
  "password": "12345678",
  "database": "Amicell",
  "port": 3306
}
[2026-07-13 18:54:51.918] [info]: host:  {
  "host": "localhost",
  "user": "root",
  "password": "12345678",
  "database": "Amicell",
  "port": 3306
}
[2026-07-13 18:54:59.893] [info]: host:  {
  "host": "localhost",
  "user": "root",
  "password": "12345678",
  "database": "Amicell",
  "port": 3306
}
[2026-07-13 18:55:54.836] [info]: host:  {
  "host": "localhost",
  "user": "root",
  "password": "12345678",
  "database": "Amicell",
  "port": 3306
}
[2026-07-13 18:56:26.844] [info]: host:  {
  "host": "localhost",
  "user": "root",
  "password": "12345678",
  "database": "Amicell",
  "port": 3306
}
[2026-07-13 18:56:27.686] [info]: host:  {
  "host": "localhost",
  "user": "root",
  "password": "12345678",
  "database": "Amicell",
  "port": 3306
}
[2026-07-13 18:56:28.424] [info]: host:  {
  "host": "localhost",
  "user": "root",
  "password": "12345678",
  "database": "Amicell",
  "port": 3306
}
[2026-07-13 18:56:28.501] [info]: folderPath already exists: C:\work\DEV\UBA6-release\amicell-data\reports-data 
[2026-07-13 18:56:28.504] [info]: CORS is enabled for localhost environment 
[2026-07-13 18:56:28.511] [info]: Listening on port 4000 
[2026-07-13 18:57:09.992] [info]: host:  {
  "host": "localhost",
  "user": "root",
  "password": "12345678",
  "database": "Amicell",
  "port": 3306
}
[2026-07-13 18:57:10.847] [info]: host:  {
  "host": "localhost",
  "user": "root",
  "password": "12345678",
  "database": "Amicell",
  "port": 3306
}
[2026-07-13 18:57:11.596] [info]: host:  {
  "host": "localhost",
  "user": "root",
  "password": "12345678",
  "database": "Amicell",
  "port": 3306
}
[2026-07-13 18:57:11.673] [info]: folderPath already exists: C:\work\DEV\UBA6-release\amicell-data\reports-data 
[2026-07-13 18:57:11.676] [info]: CORS is enabled for localhost environment 
[2026-07-13 18:57:11.682] [info]: Listening on port 4000 
[2026-07-13 18:58:26.069] [info]: host:  {
  "host": "localhost",
  "user": "root",
  "password": "12345678",
  "database": "Amicell",
  "port": 3306
}
[2026-07-13 18:58:26.947] [info]: host:  {
  "host": "localhost",
  "user": "root",
  "password": "12345678",
  "database": "Amicell",
  "port": 3306
}
[2026-07-13 18:58:27.660] [info]: host:  {
  "host": "localhost",
  "user": "root",
  "password": "12345678",
  "database": "Amicell",
  "port": 3306
}
[2026-07-13 18:58:27.736] [info]: folderPath already exists: C:\work\DEV\UBA6-release\amicell-data\reports-data 
[2026-07-13 18:58:27.739] [info]: CORS is enabled for localhost environment 
[2026-07-13 18:58:27.745] [info]: Listening on port 4000 
