[2026-07-09 10:07:42.321] [info]: host:  {
  "host": "localhost",
  "user": "root",
  "password": "12345678",
  "database": "Amicell",
  "port": 3306
}
[2026-07-09 10:52:57.476] [info]: host:  {
  "host": "localhost",
  "user": "root",
  "password": "12345678",
  "database": "Amicell",
  "port": 3306
}
[2026-07-09 10:52:59.037] [info]: host:  {
  "host": "localhost",
  "user": "root",
  "password": "12345678",
  "database": "Amicell",
  "port": 3306
}
[2026-07-09 10:53:00.654] [info]: host:  {
  "host": "localhost",
  "user": "root",
  "password": "12345678",
  "database": "Amicell",
  "port": 3306
}
[2026-07-09 10:53:00.834] [info]: folderPath already exists: C:\work\DEV\UBA6\amicell-data\reports-data 
[2026-07-09 10:53:00.839] [info]: CORS is enabled for localhost environment 
[2026-07-09 10:53:00.852] [info]: Listening on port 4000 
