[2026-07-09 14:05:26.122] [info]: [cafc73f9-9468-4dac-a10f-06259c09a5be] getTestRoutines . 
[2026-07-09 14:05:26.149] [info]: [1f1f3b40-2c38-4aa9-9d88-ea2a562d0cc0] getTestRoutines . 
[2026-07-09 14:05:31.673] [info]: [a1d38a71-f4c1-4b5b-af88-c89aa14e8935] ==> runTest 
[2026-07-09 14:05:31.674] [info]: [a1d38a71-f4c1-4b5b-af88-c89aa14e8935] await connection 3 
[2026-07-09 14:05:31.674] [info]: [a1d38a71-f4c1-4b5b-af88-c89aa14e8935] connection.beginTransaction start 
[2026-07-09 14:05:31.675] [info]: [a1d38a71-f4c1-4b5b-af88-c89aa14e8935] runTest {
  "body": {
    "id": "fbb84fef-5843-11f1-a127-ac45ef00059f",
    "testName": "C-D_400mA-single",
    "isLocked": 0,
    "batteryPN": "901LI-190745-2S1P-M2",
    "batterySN": "INR18650-30Q",
    "cellPN": "INR18650-30Q",
    "noCellSerial": 2,
    "noCellParallel": 1,
    "maxPerBattery": 8.4,
    "maxVoltage": 4.2,
    "ratedBatteryCapacity": 3000,
    "channel": "A",
    "notes": null,
    "customer": null,
    "workOrderNumber": null,
    "approvedBy": null,
    "conductedBy": null,
    "cellSupplier": null,
    "cellBatch": null,
    "plan": [
      {
        "id": 0,
        "type": "charge",
        "cRate": 0.13,
        "source": "internal",
        "maxTemp": 60,
        "maxTime": "00:00:00",
        "minTemp": -20,
        "goToStep": null,
        "waitTemp": null,
        "delayTime": null,
        "isMaxTemp": false,
        "isMaxTime": false,
        "isMinTemp": false,
        "repeatStep": null,
        "chargeLimit": ":absoluteMah",
        "isCollapsed": false,
        "chargeCurrent": "400:absoluteMa",
        "chargePerCell": 4.2,
        "cutOffCurrent": "60:absoluteMa",
        "cutOffVoltage": null,
        "isChargeLimit": false,
        "dischargeLimit": ":absoluteMah",
        "isIgnoreLimits": false,
        "isCutOffCurrent": true,
        "isCutOffVoltage": false,
        "dischargeCurrent": ":absoluteMa",
        "isDischargeLimit": false
      },
      {
        "id": 1,
        "type": "discharge",
        "cRate": 0.17,
        "source": "internal",
        "maxTemp": 60,
        "maxTime": "00:00:00",
        "minTemp": -20,
        "goToStep": null,
        "waitTemp": null,
        "delayTime": null,
        "isMaxTemp": false,
        "isMaxTime": false,
        "isMinTemp": false,
        "repeatStep": null,
        "chargeLimit": ":absoluteMah",
        "isCollapsed": false,
        "chargeCurrent": ":absoluteMa",
        "chargePerCell": null,
        "cutOffCurrent": ":absoluteMa",
        "cutOffVoltage": 3,
        "isChargeLimit": false,
        "dischargeLimit": ":absoluteMah",
        "isIgnoreLimits": false,
        "isCutOffCurrent": false,
        "isCutOffVoltage": true,
        "dischargeCurrent": "500:absoluteMa",
        "isDischargeLimit": false
      },
      {
        "id": 2,
        "type": "charge",
        "cRate": 0.13,
        "source": "internal",
        "maxTemp": 60,
        "maxTime": "00:00:00",
        "minTemp": -20,
        "goToStep": null,
        "waitTemp": null,
        "delayTime": null,
        "isMaxTemp": false,
        "isMaxTime": false,
        "isMinTemp": false,
        "repeatStep": null,
        "chargeLimit": ":absoluteMah",
        "isCollapsed": false,
        "chargeCurrent": "400:absoluteMa",
        "chargePerCell": 4.2,
        "cutOffCurrent": "60:absoluteMa",
        "cutOffVoltage": null,
        "isChargeLimit": false,
        "dischargeLimit": ":absoluteMah",
        "isIgnoreLimits": false,
        "isCutOffCurrent": true,
        "isCutOffVoltage": false,
        "dischargeCurrent": ":absoluteMa",
        "isDischargeLimit": false
      },
      {
        "id": 3,
        "type": "discharge",
        "cRate": 0.07,
        "source": "internal",
        "maxTemp": 60,
        "maxTime": "00:00:00",
        "minTemp": -20,
        "goToStep": null,
        "waitTemp": null,
        "delayTime": null,
        "isMaxTemp": false,
        "isMaxTime": false,
        "isMinTemp": false,
        "repeatStep": null,
        "chargeLimit": ":absoluteMah",
        "isCollapsed": false,
        "chargeCurrent": ":absoluteMa",
        "chargePerCell": null,
        "cutOffCurrent": ":absoluteMa",
        "cutOffVoltage": 3,
        "isChargeLimit": false,
        "dischargeLimit": ":absoluteMah",
        "isIgnoreLimits": false,
        "isCutOffCurrent": false,
        "isCutOffVoltage": true,
        "dischargeCurrent": "200:absoluteMa",
        "isDischargeLimit": false
      }
    ],
    "ubaSNs": [
      {
        "ubaSN": "0",
        "channel": "A"
      }
    ]
  }
}
[2026-07-09 14:05:31.676] [info]: [a1d38a71-f4c1-4b5b-af88-c89aa14e8935] SELECT RunningTests 
[2026-07-09 14:05:31.678] [info]: [a1d38a71-f4c1-4b5b-af88-c89aa14e8935] resultArray.length 1 
[2026-07-09 14:05:31.678] [info]: [a1d38a71-f4c1-4b5b-af88-c89aa14e8935] resultArray after filter - only running {
  "runningTests": []
}
[2026-07-09 14:05:31.682] [info]: [a1d38a71-f4c1-4b5b-af88-c89aa14e8935] result?.affectedRows 1 1 
[2026-07-09 14:05:31.682] [debug]: [a1d38a71-f4c1-4b5b-af88-c89aa14e8935] Deleted 1 rows for "[{"ubaSN":"0","channel":"A"}]" parameters. 
[2026-07-09 14:05:31.683] [info]: [a1d38a71-f4c1-4b5b-af88-c89aa14e8935] runTest finished deleteRunningTest {
  "ubaSNs": [
    {
      "ubaSN": "0",
      "channel": "A"
    }
  ]
}
[2026-07-09 14:05:31.683] [info]: [a1d38a71-f4c1-4b5b-af88-c89aa14e8935] ==> checkRunningTestKeys 
[2026-07-09 14:05:31.685] [info]: [a1d38a71-f4c1-4b5b-af88-c89aa14e8935] this is single channel test 
[2026-07-09 14:05:31.686] [info]: [a1d38a71-f4c1-4b5b-af88-c89aa14e8935] ==> Generate a UUID 
[2026-07-09 14:05:31.687] [info]: [a1d38a71-f4c1-4b5b-af88-c89aa14e8935] ==> createRunningTest id [851c261f-2b28-49c5-aff8-e3d8573a16cc] 
[2026-07-09 14:05:31.690] [info]: [a1d38a71-f4c1-4b5b-af88-c89aa14e8935] runTest finished createRunningTest {
  "ids": [
    "851c261f-2b28-49c5-aff8-e3d8573a16cc"
  ]
}
[2026-07-09 14:05:31.699] [info]: [a1d38a71-f4c1-4b5b-af88-c89aa14e8935] runTest finished createReport {
  "reportId": "2355b677-b35d-4471-bc7f-c67ce2981bb1"
}
[2026-07-09 14:05:31.703] [info]: [a1d38a71-f4c1-4b5b-af88-c89aa14e8935] folderPath created: C:\work\DEV\UBA6\amicell-data\reports-data\2355b677-b35d-4471-bc7f-c67ce2981bb1 
[2026-07-09 14:05:31.708] [info]: [a1d38a71-f4c1-4b5b-af88-c89aa14e8935] runTest finished createTestResultsFile {
  "reportId": "2355b677-b35d-4471-bc7f-c67ce2981bb1"
}
[2026-07-09 14:05:31.717] [info]: [a1d38a71-f4c1-4b5b-af88-c89aa14e8935] runTest connection commit 
[2026-07-09 14:05:34.910] [error]: [de215160-0552-4acf-897d-5f7da9c0bd70] Error updateModel [RunningTests] executing [UPDATE `RunningTests` SET `status` = ? WHERE `id` = ?;] [1,f422d6a6-a2b4-4267-b6b8-26cf1527d3a6] No rows affected for pkValue [f422d6a6-a2b4-4267-b6b8-26cf1527d3a6] [RunningTests] - Error: No rows affected for pkValue [f422d6a6-a2b4-4267-b6b8-26cf1527d3a6] [RunningTests]
    at updateModel (C:\work\DEV\UBA6\web-console\server\db\genericCRUD.js:141:10)
    at process.processTicksAndRejections (node:internal/process/task_queues:103:5)
    at async changeTestStatus (C:\work\DEV\UBA6\web-console\server\services\runningTestService.js:248:5)
    at async Promise.all (index 0)
    at async changeRunningTestStatus (C:\work\DEV\UBA6\web-console\server\services\transactionsService.js:226:9)
    at async exports.changeRunningTestStatus (C:\work\DEV\UBA6\web-console\server\controllers\runningTestsController.js:73:5)
[2026-07-09 14:05:34.912] [error]: [de215160-0552-4acf-897d-5f7da9c0bd70] resumeRunningTest Transaction error: No rows affected for pkValue [f422d6a6-a2b4-4267-b6b8-26cf1527d3a6] [RunningTests] - Error: No rows affected for pkValue [f422d6a6-a2b4-4267-b6b8-26cf1527d3a6] [RunningTests]
    at updateModel (C:\work\DEV\UBA6\web-console\server\db\genericCRUD.js:141:10)
    at process.processTicksAndRejections (node:internal/process/task_queues:103:5)
    at async changeTestStatus (C:\work\DEV\UBA6\web-console\server\services\runningTestService.js:248:5)
    at async Promise.all (index 0)
    at async changeRunningTestStatus (C:\work\DEV\UBA6\web-console\server\services\transactionsService.js:226:9)
    at async exports.changeRunningTestStatus (C:\work\DEV\UBA6\web-console\server\controllers\runningTestsController.js:73:5)
[2026-07-09 14:05:34.912] [error]: [de215160-0552-4acf-897d-5f7da9c0bd70] changeRunningTestStatus newTestStatus: [1] [f422d6a6-a2b4-4267-b6b8-26cf1527d3a6] [B] [0] test No rows affected for pkValue [f422d6a6-a2b4-4267-b6b8-26cf1527d3a6] [RunningTests] - Error: No rows affected for pkValue [f422d6a6-a2b4-4267-b6b8-26cf1527d3a6] [RunningTests]
    at updateModel (C:\work\DEV\UBA6\web-console\server\db\genericCRUD.js:141:10)
    at process.processTicksAndRejections (node:internal/process/task_queues:103:5)
    at async changeTestStatus (C:\work\DEV\UBA6\web-console\server\services\runningTestService.js:248:5)
    at async Promise.all (index 0)
    at async changeRunningTestStatus (C:\work\DEV\UBA6\web-console\server\services\transactionsService.js:226:9)
    at async exports.changeRunningTestStatus (C:\work\DEV\UBA6\web-console\server\controllers\runningTestsController.js:73:5)
[2026-07-09 14:05:35.026] [error]: [03086ba9-b41a-44fc-85ac-01e019b56a9a] Error [InstantTestResults] executing [INSERT INTO `InstantTestResults` (`id`, `runningTestID`, `timestamp`, `testState`, `testCurrentStep`, `voltage`, `current`, `temp`, `capacity`, `error`) VALUES (UUID(), ?, ?, ?, ?, ?, ?, ?, ?, ?);] [f422d6a6-a2b4-4267-b6b8-26cf1527d3a6,2026-07-09 14:05:35.022,Standby,0,7791,0,-107.44137573242188,0,0] Cannot add or update a child row: a foreign key constraint fails (`amicell`.`instanttestresults`, CONSTRAINT `RunningTests_InstantTestResults_fk` FOREIGN KEY (`runningTestID`) REFERENCES `runningtests` (`id`) ON DELETE CASCADE) - Error: Cannot add or update a child row: a foreign key constraint fails (`amicell`.`instanttestresults`, CONSTRAINT `RunningTests_InstantTestResults_fk` FOREIGN KEY (`runningTestID`) REFERENCES `runningtests` (`id`) ON DELETE CASCADE)
    at PromisePoolConnection.execute (C:\work\DEV\UBA6\web-console\server\node_modules\mysql2\lib\promise\connection.js:47:22)
    at createModel (C:\work\DEV\UBA6\web-console\server\db\genericCRUD.js:74:63)
    at addInstantTestResults (C:\work\DEV\UBA6\web-console\server\services\runningTestService.js:58:10)
    at process.processTicksAndRejections (node:internal/process/task_queues:103:5)
    at async exports.addInstantTestResults (C:\work\DEV\UBA6\web-console\server\controllers\runningTestsController.js:14:3)
[2026-07-09 14:05:35.031] [error]: [03086ba9-b41a-44fc-85ac-01e019b56a9a] addInstantTestResults Transaction error: Cannot add or update a child row: a foreign key constraint fails (`amicell`.`instanttestresults`, CONSTRAINT `RunningTests_InstantTestResults_fk` FOREIGN KEY (`runningTestID`) REFERENCES `runningtests` (`id`) ON DELETE CASCADE) - Error: Cannot add or update a child row: a foreign key constraint fails (`amicell`.`instanttestresults`, CONSTRAINT `RunningTests_InstantTestResults_fk` FOREIGN KEY (`runningTestID`) REFERENCES `runningtests` (`id`) ON DELETE CASCADE)
    at PromisePoolConnection.execute (C:\work\DEV\UBA6\web-console\server\node_modules\mysql2\lib\promise\connection.js:47:22)
    at createModel (C:\work\DEV\UBA6\web-console\server\db\genericCRUD.js:74:63)
    at addInstantTestResults (C:\work\DEV\UBA6\web-console\server\services\runningTestService.js:58:10)
    at process.processTicksAndRejections (node:internal/process/task_queues:103:5)
    at async exports.addInstantTestResults (C:\work\DEV\UBA6\web-console\server\controllers\runningTestsController.js:14:3)
[2026-07-09 14:05:35.033] [error]: [03086ba9-b41a-44fc-85ac-01e019b56a9a] addInstantTestResults Cannot add or update a child row: a foreign key constraint fails (`amicell`.`instanttestresults`, CONSTRAINT `RunningTests_InstantTestResults_fk` FOREIGN KEY (`runningTestID`) REFERENCES `runningtests` (`id`) ON DELETE CASCADE) - Error: Cannot add or update a child row: a foreign key constraint fails (`amicell`.`instanttestresults`, CONSTRAINT `RunningTests_InstantTestResults_fk` FOREIGN KEY (`runningTestID`) REFERENCES `runningtests` (`id`) ON DELETE CASCADE)
    at PromisePoolConnection.execute (C:\work\DEV\UBA6\web-console\server\node_modules\mysql2\lib\promise\connection.js:47:22)
    at createModel (C:\work\DEV\UBA6\web-console\server\db\genericCRUD.js:74:63)
    at addInstantTestResults (C:\work\DEV\UBA6\web-console\server\services\runningTestService.js:58:10)
    at process.processTicksAndRejections (node:internal/process/task_queues:103:5)
    at async exports.addInstantTestResults (C:\work\DEV\UBA6\web-console\server\controllers\runningTestsController.js:14:3)
[2026-07-09 14:05:42.140] [info]: [ee67fd6d-a882-48f1-9e33-6571ae67777e] (trns)updateReportAndTestResult 
[2026-07-09 14:05:42.142] [info]: [ee67fd6d-a882-48f1-9e33-6571ae67777e] updateReportAndTestResult finished updateReport 
[2026-07-09 14:05:42.143] [info]: [ee67fd6d-a882-48f1-9e33-6571ae67777e] folderPath already exists: C:\work\DEV\UBA6\amicell-data\reports-data\2355b677-b35d-4471-bc7f-c67ce2981bb1 
[2026-07-09 14:05:42.145] [info]: [ee67fd6d-a882-48f1-9e33-6571ae67777e] updateReportAndTestResult finished createTestResultsFile 
[2026-07-09 14:05:42.330] [info]: [e038e310-ad36-44a8-957d-59d6d4fa6e53] (trns)updateReportAndTestResult 
[2026-07-09 14:05:42.332] [info]: [e038e310-ad36-44a8-957d-59d6d4fa6e53] updateReportAndTestResult finished updateReport 
[2026-07-09 14:05:42.333] [info]: [e038e310-ad36-44a8-957d-59d6d4fa6e53] folderPath already exists: C:\work\DEV\UBA6\amicell-data\reports-data\2355b677-b35d-4471-bc7f-c67ce2981bb1 
[2026-07-09 14:05:42.335] [info]: [e038e310-ad36-44a8-957d-59d6d4fa6e53] updateReportAndTestResult finished createTestResultsFile 
[2026-07-09 14:13:47.010] [info]: host:  {
  "host": "localhost",
  "user": "root",
  "password": "12345678",
  "database": "Amicell",
  "port": 3306
}
[2026-07-09 14:13:47.999] [info]: host:  {
  "host": "localhost",
  "user": "root",
  "password": "12345678",
  "database": "Amicell",
  "port": 3306
}
[2026-07-09 14:13:48.815] [info]: host:  {
  "host": "localhost",
  "user": "root",
  "password": "12345678",
  "database": "Amicell",
  "port": 3306
}
[2026-07-09 14:13:48.891] [info]: folderPath already exists: C:\work\DEV\UBA6\amicell-data\reports-data 
[2026-07-09 14:13:48.893] [info]: CORS is enabled for localhost environment 
[2026-07-09 14:13:48.900] [info]: Listening on port 4000 
[2026-07-09 14:13:50.414] [info]: [c4dc70bb-4134-4a19-9be3-a7171c2703fd] getTestRoutines . 
[2026-07-09 14:13:50.426] [info]: [da31a265-9c3c-42a9-b72c-9f1bcae47798] getTestRoutines . 
[2026-07-09 14:13:55.000] [info]: [5e34e107-ab65-4742-bf7c-f50f7dfe0fa8] ==> runTest 
[2026-07-09 14:13:55.001] [info]: [5e34e107-ab65-4742-bf7c-f50f7dfe0fa8] await connection 3 
[2026-07-09 14:13:55.002] [info]: [5e34e107-ab65-4742-bf7c-f50f7dfe0fa8] connection.beginTransaction start 
[2026-07-09 14:13:55.004] [info]: [5e34e107-ab65-4742-bf7c-f50f7dfe0fa8] runTest {
  "body": {
    "id": "fbb84fef-5843-11f1-a127-ac45ef00059f",
    "testName": "C-D_400mA-single",
    "isLocked": 0,
    "batteryPN": "901LI-190745-2S1P-M2",
    "batterySN": "INR18650-30Q",
    "cellPN": "INR18650-30Q",
    "noCellSerial": 2,
    "noCellParallel": 1,
    "maxPerBattery": 8.4,
    "maxVoltage": 4.2,
    "ratedBatteryCapacity": 3000,
    "channel": "A",
    "notes": null,
    "customer": null,
    "workOrderNumber": null,
    "approvedBy": null,
    "conductedBy": null,
    "cellSupplier": null,
    "cellBatch": null,
    "plan": [
      {
        "id": 0,
        "type": "charge",
        "cRate": 0.13,
        "source": "internal",
        "maxTemp": 60,
        "maxTime": "00:00:00",
        "minTemp": -20,
        "goToStep": null,
        "waitTemp": null,
        "delayTime": null,
        "isMaxTemp": false,
        "isMaxTime": false,
        "isMinTemp": false,
        "repeatStep": null,
        "chargeLimit": ":absoluteMah",
        "isCollapsed": false,
        "chargeCurrent": "400:absoluteMa",
        "chargePerCell": 4.2,
        "cutOffCurrent": "60:absoluteMa",
        "cutOffVoltage": null,
        "isChargeLimit": false,
        "dischargeLimit": ":absoluteMah",
        "isIgnoreLimits": false,
        "isCutOffCurrent": true,
        "isCutOffVoltage": false,
        "dischargeCurrent": ":absoluteMa",
        "isDischargeLimit": false
      },
      {
        "id": 1,
        "type": "discharge",
        "cRate": 0.17,
        "source": "internal",
        "maxTemp": 60,
        "maxTime": "00:00:00",
        "minTemp": -20,
        "goToStep": null,
        "waitTemp": null,
        "delayTime": null,
        "isMaxTemp": false,
        "isMaxTime": false,
        "isMinTemp": false,
        "repeatStep": null,
        "chargeLimit": ":absoluteMah",
        "isCollapsed": false,
        "chargeCurrent": ":absoluteMa",
        "chargePerCell": null,
        "cutOffCurrent": ":absoluteMa",
        "cutOffVoltage": 3,
        "isChargeLimit": false,
        "dischargeLimit": ":absoluteMah",
        "isIgnoreLimits": false,
        "isCutOffCurrent": false,
        "isCutOffVoltage": true,
        "dischargeCurrent": "500:absoluteMa",
        "isDischargeLimit": false
      },
      {
        "id": 2,
        "type": "charge",
        "cRate": 0.13,
        "source": "internal",
        "maxTemp": 60,
        "maxTime": "00:00:00",
        "minTemp": -20,
        "goToStep": null,
        "waitTemp": null,
        "delayTime": null,
        "isMaxTemp": false,
        "isMaxTime": false,
        "isMinTemp": false,
        "repeatStep": null,
        "chargeLimit": ":absoluteMah",
        "isCollapsed": false,
        "chargeCurrent": "400:absoluteMa",
        "chargePerCell": 4.2,
        "cutOffCurrent": "60:absoluteMa",
        "cutOffVoltage": null,
        "isChargeLimit": false,
        "dischargeLimit": ":absoluteMah",
        "isIgnoreLimits": false,
        "isCutOffCurrent": true,
        "isCutOffVoltage": false,
        "dischargeCurrent": ":absoluteMa",
        "isDischargeLimit": false
      },
      {
        "id": 3,
        "type": "discharge",
        "cRate": 0.07,
        "source": "internal",
        "maxTemp": 60,
        "maxTime": "00:00:00",
        "minTemp": -20,
        "goToStep": null,
        "waitTemp": null,
        "delayTime": null,
        "isMaxTemp": false,
        "isMaxTime": false,
        "isMinTemp": false,
        "repeatStep": null,
        "chargeLimit": ":absoluteMah",
        "isCollapsed": false,
        "chargeCurrent": ":absoluteMa",
        "chargePerCell": null,
        "cutOffCurrent": ":absoluteMa",
        "cutOffVoltage": 3,
        "isChargeLimit": false,
        "dischargeLimit": ":absoluteMah",
        "isIgnoreLimits": false,
        "isCutOffCurrent": false,
        "isCutOffVoltage": true,
        "dischargeCurrent": "200:absoluteMa",
        "isDischargeLimit": false
      }
    ],
    "ubaSNs": [
      {
        "ubaSN": "0",
        "channel": "A"
      }
    ]
  }
}
[2026-07-09 14:13:55.005] [info]: [5e34e107-ab65-4742-bf7c-f50f7dfe0fa8] SELECT RunningTests 
[2026-07-09 14:13:55.010] [info]: [5e34e107-ab65-4742-bf7c-f50f7dfe0fa8] resultArray.length 1 
[2026-07-09 14:13:55.011] [info]: [5e34e107-ab65-4742-bf7c-f50f7dfe0fa8] resultArray after filter - only running {
  "runningTests": []
}
[2026-07-09 14:13:55.014] [info]: [5e34e107-ab65-4742-bf7c-f50f7dfe0fa8] result?.affectedRows 1 1 
[2026-07-09 14:13:55.014] [debug]: [5e34e107-ab65-4742-bf7c-f50f7dfe0fa8] Deleted 1 rows for "[{"ubaSN":"0","channel":"A"}]" parameters. 
[2026-07-09 14:13:55.015] [info]: [5e34e107-ab65-4742-bf7c-f50f7dfe0fa8] runTest finished deleteRunningTest {
  "ubaSNs": [
    {
      "ubaSN": "0",
      "channel": "A"
    }
  ]
}
[2026-07-09 14:13:55.015] [info]: [5e34e107-ab65-4742-bf7c-f50f7dfe0fa8] ==> checkRunningTestKeys 
[2026-07-09 14:13:55.019] [info]: [5e34e107-ab65-4742-bf7c-f50f7dfe0fa8] this is single channel test 
[2026-07-09 14:13:55.020] [info]: [5e34e107-ab65-4742-bf7c-f50f7dfe0fa8] ==> Generate a UUID 
[2026-07-09 14:13:55.021] [info]: [5e34e107-ab65-4742-bf7c-f50f7dfe0fa8] ==> createRunningTest id [ee4578fe-5e68-4280-98c9-0bc9c28d8f78] 
[2026-07-09 14:13:55.023] [info]: [5e34e107-ab65-4742-bf7c-f50f7dfe0fa8] runTest finished createRunningTest {
  "ids": [
    "ee4578fe-5e68-4280-98c9-0bc9c28d8f78"
  ]
}
[2026-07-09 14:13:55.036] [info]: [5e34e107-ab65-4742-bf7c-f50f7dfe0fa8] runTest finished createReport {
  "reportId": "51bb0d22-c0c8-4863-aee3-67064afc8c93"
}
[2026-07-09 14:13:55.037] [info]: [5e34e107-ab65-4742-bf7c-f50f7dfe0fa8] folderPath created: C:\work\DEV\UBA6\amicell-data\reports-data\51bb0d22-c0c8-4863-aee3-67064afc8c93 
[2026-07-09 14:13:55.039] [info]: [5e34e107-ab65-4742-bf7c-f50f7dfe0fa8] runTest finished createTestResultsFile {
  "reportId": "51bb0d22-c0c8-4863-aee3-67064afc8c93"
}
[2026-07-09 14:13:55.045] [info]: [5e34e107-ab65-4742-bf7c-f50f7dfe0fa8] runTest connection commit 
[2026-07-09 14:13:55.145] [error]: [9965568b-023f-4c30-90c2-b8345c56b58e] Error updateModel [RunningTests] executing [UPDATE `RunningTests` SET `status` = ? WHERE `id` = ?;] [1,851c261f-2b28-49c5-aff8-e3d8573a16cc] No rows affected for pkValue [851c261f-2b28-49c5-aff8-e3d8573a16cc] [RunningTests] - Error: No rows affected for pkValue [851c261f-2b28-49c5-aff8-e3d8573a16cc] [RunningTests]
    at updateModel (C:\work\DEV\UBA6\web-console\server\db\genericCRUD.js:141:10)
    at process.processTicksAndRejections (node:internal/process/task_queues:103:5)
    at async changeTestStatus (C:\work\DEV\UBA6\web-console\server\services\runningTestService.js:248:5)
    at async Promise.all (index 0)
    at async changeRunningTestStatus (C:\work\DEV\UBA6\web-console\server\services\transactionsService.js:226:9)
    at async exports.changeRunningTestStatus (C:\work\DEV\UBA6\web-console\server\controllers\runningTestsController.js:73:5)
[2026-07-09 14:13:55.146] [error]: [9965568b-023f-4c30-90c2-b8345c56b58e] resumeRunningTest Transaction error: No rows affected for pkValue [851c261f-2b28-49c5-aff8-e3d8573a16cc] [RunningTests] - Error: No rows affected for pkValue [851c261f-2b28-49c5-aff8-e3d8573a16cc] [RunningTests]
    at updateModel (C:\work\DEV\UBA6\web-console\server\db\genericCRUD.js:141:10)
    at process.processTicksAndRejections (node:internal/process/task_queues:103:5)
    at async changeTestStatus (C:\work\DEV\UBA6\web-console\server\services\runningTestService.js:248:5)
    at async Promise.all (index 0)
    at async changeRunningTestStatus (C:\work\DEV\UBA6\web-console\server\services\transactionsService.js:226:9)
    at async exports.changeRunningTestStatus (C:\work\DEV\UBA6\web-console\server\controllers\runningTestsController.js:73:5)
[2026-07-09 14:13:55.147] [error]: [9965568b-023f-4c30-90c2-b8345c56b58e] changeRunningTestStatus newTestStatus: [1] [851c261f-2b28-49c5-aff8-e3d8573a16cc] [B] [0] test No rows affected for pkValue [851c261f-2b28-49c5-aff8-e3d8573a16cc] [RunningTests] - Error: No rows affected for pkValue [851c261f-2b28-49c5-aff8-e3d8573a16cc] [RunningTests]
    at updateModel (C:\work\DEV\UBA6\web-console\server\db\genericCRUD.js:141:10)
    at process.processTicksAndRejections (node:internal/process/task_queues:103:5)
    at async changeTestStatus (C:\work\DEV\UBA6\web-console\server\services\runningTestService.js:248:5)
    at async Promise.all (index 0)
    at async changeRunningTestStatus (C:\work\DEV\UBA6\web-console\server\services\transactionsService.js:226:9)
    at async exports.changeRunningTestStatus (C:\work\DEV\UBA6\web-console\server\controllers\runningTestsController.js:73:5)
[2026-07-09 14:13:55.359] [error]: [b0cb3c0c-477d-4f66-94ad-a542f672dafc] Error [InstantTestResults] executing [INSERT INTO `InstantTestResults` (`id`, `runningTestID`, `timestamp`, `testState`, `testCurrentStep`, `voltage`, `current`, `temp`, `capacity`, `error`) VALUES (UUID(), ?, ?, ?, ?, ?, ?, ?, ?, ?);] [851c261f-2b28-49c5-aff8-e3d8573a16cc,2026-07-09 14:13:55.353,Standby,0,7734,0,-115.12055206298828,0,0] Cannot add or update a child row: a foreign key constraint fails (`amicell`.`instanttestresults`, CONSTRAINT `RunningTests_InstantTestResults_fk` FOREIGN KEY (`runningTestID`) REFERENCES `runningtests` (`id`) ON DELETE CASCADE) - Error: Cannot add or update a child row: a foreign key constraint fails (`amicell`.`instanttestresults`, CONSTRAINT `RunningTests_InstantTestResults_fk` FOREIGN KEY (`runningTestID`) REFERENCES `runningtests` (`id`) ON DELETE CASCADE)
    at PromisePoolConnection.execute (C:\work\DEV\UBA6\web-console\server\node_modules\mysql2\lib\promise\connection.js:47:22)
    at createModel (C:\work\DEV\UBA6\web-console\server\db\genericCRUD.js:74:63)
    at addInstantTestResults (C:\work\DEV\UBA6\web-console\server\services\runningTestService.js:58:10)
    at process.processTicksAndRejections (node:internal/process/task_queues:103:5)
    at async exports.addInstantTestResults (C:\work\DEV\UBA6\web-console\server\controllers\runningTestsController.js:14:3)
[2026-07-09 14:13:55.364] [error]: [b0cb3c0c-477d-4f66-94ad-a542f672dafc] addInstantTestResults Transaction error: Cannot add or update a child row: a foreign key constraint fails (`amicell`.`instanttestresults`, CONSTRAINT `RunningTests_InstantTestResults_fk` FOREIGN KEY (`runningTestID`) REFERENCES `runningtests` (`id`) ON DELETE CASCADE) - Error: Cannot add or update a child row: a foreign key constraint fails (`amicell`.`instanttestresults`, CONSTRAINT `RunningTests_InstantTestResults_fk` FOREIGN KEY (`runningTestID`) REFERENCES `runningtests` (`id`) ON DELETE CASCADE)
    at PromisePoolConnection.execute (C:\work\DEV\UBA6\web-console\server\node_modules\mysql2\lib\promise\connection.js:47:22)
    at createModel (C:\work\DEV\UBA6\web-console\server\db\genericCRUD.js:74:63)
    at addInstantTestResults (C:\work\DEV\UBA6\web-console\server\services\runningTestService.js:58:10)
    at process.processTicksAndRejections (node:internal/process/task_queues:103:5)
    at async exports.addInstantTestResults (C:\work\DEV\UBA6\web-console\server\controllers\runningTestsController.js:14:3)
[2026-07-09 14:13:55.365] [error]: [b0cb3c0c-477d-4f66-94ad-a542f672dafc] addInstantTestResults Cannot add or update a child row: a foreign key constraint fails (`amicell`.`instanttestresults`, CONSTRAINT `RunningTests_InstantTestResults_fk` FOREIGN KEY (`runningTestID`) REFERENCES `runningtests` (`id`) ON DELETE CASCADE) - Error: Cannot add or update a child row: a foreign key constraint fails (`amicell`.`instanttestresults`, CONSTRAINT `RunningTests_InstantTestResults_fk` FOREIGN KEY (`runningTestID`) REFERENCES `runningtests` (`id`) ON DELETE CASCADE)
    at PromisePoolConnection.execute (C:\work\DEV\UBA6\web-console\server\node_modules\mysql2\lib\promise\connection.js:47:22)
    at createModel (C:\work\DEV\UBA6\web-console\server\db\genericCRUD.js:74:63)
    at addInstantTestResults (C:\work\DEV\UBA6\web-console\server\services\runningTestService.js:58:10)
    at process.processTicksAndRejections (node:internal/process/task_queues:103:5)
    at async exports.addInstantTestResults (C:\work\DEV\UBA6\web-console\server\controllers\runningTestsController.js:14:3)
[2026-07-09 14:14:01.791] [info]: [787ce602-e91b-4996-944f-7eef650cab3f] (trns)updateReportAndTestResult 
[2026-07-09 14:14:01.793] [info]: [787ce602-e91b-4996-944f-7eef650cab3f] updateReportAndTestResult finished updateReport 
[2026-07-09 14:14:01.794] [info]: [787ce602-e91b-4996-944f-7eef650cab3f] folderPath already exists: C:\work\DEV\UBA6\amicell-data\reports-data\51bb0d22-c0c8-4863-aee3-67064afc8c93 
[2026-07-09 14:14:01.795] [info]: [787ce602-e91b-4996-944f-7eef650cab3f] updateReportAndTestResult finished createTestResultsFile 
[2026-07-09 14:14:01.971] [info]: [5963b7d3-20a1-496c-a92b-05af439deafe] (trns)updateReportAndTestResult 
[2026-07-09 14:14:01.972] [info]: [5963b7d3-20a1-496c-a92b-05af439deafe] updateReportAndTestResult finished updateReport 
[2026-07-09 14:14:01.972] [info]: [5963b7d3-20a1-496c-a92b-05af439deafe] folderPath already exists: C:\work\DEV\UBA6\amicell-data\reports-data\51bb0d22-c0c8-4863-aee3-67064afc8c93 
[2026-07-09 14:14:01.974] [info]: [5963b7d3-20a1-496c-a92b-05af439deafe] updateReportAndTestResult finished createTestResultsFile 
[2026-07-09 14:14:06.845] [error]: [158c5c0f-a8d8-4254-ba9d-35dba542f09e] Error updateModel [RunningTests] executing [UPDATE `RunningTests` SET `status` = ? WHERE `id` = ?;] [1,63c87b36-8fab-459f-a5e7-1088aa34a645] read ECONNRESET - Error: read ECONNRESET
    at PromisePoolConnection.execute (C:\work\DEV\UBA6\web-console\server\node_modules\mysql2\lib\promise\connection.js:47:22)
    at updateModel (C:\work\DEV\UBA6\web-console\server\db\genericCRUD.js:139:63)
    at changeTestStatus (C:\work\DEV\UBA6\web-console\server\services\runningTestService.js:248:11)
    at changeRunningTestStatus (C:\work\DEV\UBA6\web-console\server\services\transactionsService.js:224:27)
    at process.processTicksAndRejections (node:internal/process/task_queues:103:5)
    at async exports.changeRunningTestStatus (C:\work\DEV\UBA6\web-console\server\controllers\runningTestsController.js:73:5)
[2026-07-09 14:14:06.846] [error]: [158c5c0f-a8d8-4254-ba9d-35dba542f09e] changeRunningTestStatus newTestStatus: [1] [63c87b36-8fab-459f-a5e7-1088aa34a645] [B] [0] test Can't add new command when connection is in closed state - Error: Can't add new command when connection is in closed state
    at PromisePoolConnection.rollback (C:\work\DEV\UBA6\web-console\server\node_modules\mysql2\lib\promise\connection.js:89:22)
    at changeRunningTestStatus (C:\work\DEV\UBA6\web-console\server\services\transactionsService.js:231:42)
    at process.processTicksAndRejections (node:internal/process/task_queues:103:5)
    at async exports.changeRunningTestStatus (C:\work\DEV\UBA6\web-console\server\controllers\runningTestsController.js:73:5)
[2026-07-09 14:14:06.866] [error]: [4323f3dc-b4b6-441e-a3f0-c4af56bc7db0] Error [RunningTests] executing - AggregateError [ECONNREFUSED]: 
    at internalConnectMultiple (node:net:1134:18)
    at afterConnectMultiple (node:net:1715:7)
[2026-07-09 14:14:06.867] [error]: [4323f3dc-b4b6-441e-a3f0-c4af56bc7db0] getUbaDevices - AggregateError [ECONNREFUSED]: 
    at internalConnectMultiple (node:net:1134:18)
    at afterConnectMultiple (node:net:1715:7)
[2026-07-09 14:14:06.869] [error]: [4323f3dc-b4b6-441e-a3f0-c4af56bc7db0] Error [UBADevices] executing - AggregateError [ECONNREFUSED]: 
    at internalConnectMultiple (node:net:1134:18)
    at afterConnectMultiple (node:net:1715:7)
[2026-07-09 14:14:06.870] [error]: [4323f3dc-b4b6-441e-a3f0-c4af56bc7db0] Error [InstantTestResults] executing - AggregateError [ECONNREFUSED]: 
    at internalConnectMultiple (node:net:1134:18)
    at afterConnectMultiple (node:net:1715:7)
[2026-07-09 14:14:06.875] [error]: [731095ff-1be2-4924-84e6-0a9c6b7f9299] Error [RunningTests] executing - AggregateError [ECONNREFUSED]: 
    at internalConnectMultiple (node:net:1134:18)
    at afterConnectMultiple (node:net:1715:7)
[2026-07-09 14:14:06.876] [error]: [731095ff-1be2-4924-84e6-0a9c6b7f9299] getUbaDevices - AggregateError [ECONNREFUSED]: 
    at internalConnectMultiple (node:net:1134:18)
    at afterConnectMultiple (node:net:1715:7)
[2026-07-09 14:14:06.877] [error]: [731095ff-1be2-4924-84e6-0a9c6b7f9299] Error [InstantTestResults] executing - AggregateError [ECONNREFUSED]: 
    at internalConnectMultiple (node:net:1134:18)
    at afterConnectMultiple (node:net:1715:7)
[2026-07-09 14:14:06.877] [error]: [731095ff-1be2-4924-84e6-0a9c6b7f9299] Error [UBADevices] executing - AggregateError [ECONNREFUSED]: 
    at internalConnectMultiple (node:net:1134:18)
    at afterConnectMultiple (node:net:1715:7)
[2026-07-09 14:14:06.940] [error]: [39a7f005-0350-4520-be97-2fd3d6f42757] addInstantTestResults Transaction error: - AggregateError [ECONNREFUSED]: 
    at internalConnectMultiple (node:net:1134:18)
    at afterConnectMultiple (node:net:1715:7)
[2026-07-09 14:14:06.941] [error]: [39a7f005-0350-4520-be97-2fd3d6f42757] addInstantTestResults - AggregateError [ECONNREFUSED]: 
    at internalConnectMultiple (node:net:1134:18)
    at afterConnectMultiple (node:net:1715:7)
[2026-07-09 14:14:07.047] [error]: [d7f3abe2-1866-45e6-82ad-0718d5b42648] resumeRunningTest Transaction error: - AggregateError [ECONNREFUSED]: 
    at internalConnectMultiple (node:net:1134:18)
    at afterConnectMultiple (node:net:1715:7)
[2026-07-09 14:14:07.048] [error]: [d7f3abe2-1866-45e6-82ad-0718d5b42648] changeRunningTestStatus newTestStatus: [1] [ee4578fe-5e68-4280-98c9-0bc9c28d8f78] [B] [0] test - AggregateError [ECONNREFUSED]: 
    at internalConnectMultiple (node:net:1134:18)
    at afterConnectMultiple (node:net:1715:7)
[2026-07-09 14:14:07.155] [error]: [2e075dd9-328d-4aea-b242-b24f81659741] addInstantTestResults Transaction error: - AggregateError [ECONNREFUSED]: 
    at internalConnectMultiple (node:net:1134:18)
    at afterConnectMultiple (node:net:1715:7)
[2026-07-09 14:14:07.155] [error]: [2e075dd9-328d-4aea-b242-b24f81659741] addInstantTestResults - AggregateError [ECONNREFUSED]: 
    at internalConnectMultiple (node:net:1134:18)
    at afterConnectMultiple (node:net:1715:7)
[2026-07-09 14:14:07.168] [error]: [3549aada-7bb8-4efe-a2ef-5217016ba47b] Error [RunningTests] executing - AggregateError [ECONNREFUSED]: 
    at internalConnectMultiple (node:net:1134:18)
    at afterConnectMultiple (node:net:1715:7)
[2026-07-09 14:14:07.169] [error]: [3549aada-7bb8-4efe-a2ef-5217016ba47b] getUbaDevices - AggregateError [ECONNREFUSED]: 
    at internalConnectMultiple (node:net:1134:18)
    at afterConnectMultiple (node:net:1715:7)
[2026-07-09 14:14:07.170] [error]: [3549aada-7bb8-4efe-a2ef-5217016ba47b] Error [UBADevices] executing - AggregateError [ECONNREFUSED]: 
    at internalConnectMultiple (node:net:1134:18)
    at afterConnectMultiple (node:net:1715:7)
[2026-07-09 14:14:07.171] [error]: [3549aada-7bb8-4efe-a2ef-5217016ba47b] Error [InstantTestResults] executing - AggregateError [ECONNREFUSED]: 
    at internalConnectMultiple (node:net:1134:18)
    at afterConnectMultiple (node:net:1715:7)
