[2026-07-02 17:15:41.087] [info]: host:  {
  "host": "localhost",
  "user": "root",
  "password": "12345678",
  "database": "Amicell",
  "port": 3306
}
[2026-07-02 17:15:42.341] [info]: host:  {
  "host": "localhost",
  "user": "root",
  "password": "12345678",
  "database": "Amicell",
  "port": 3306
}
[2026-07-02 17:15:43.246] [info]: host:  {
  "host": "localhost",
  "user": "root",
  "password": "12345678",
  "database": "Amicell",
  "port": 3306
}
[2026-07-02 17:15:43.343] [info]: folderPath already exists: C:\work\DEV\UBA6\amicell-data\reports-data 
[2026-07-02 17:15:43.346] [info]: CORS is enabled for localhost environment 
[2026-07-02 17:15:43.354] [info]: Listening on port 4000 
